0 info it worked if it ends with ok
1 verbose cli [ 'node',
1 verbose cli   '/usr/local/bin/npm',
1 verbose cli   'install',
1 verbose cli   'get-translation',
1 verbose cli   '-g' ]
2 info using npm@1.3.24
3 info using node@v0.10.25
4 verbose cache add [ 'get-translation', null ]
5 verbose cache add name=undefined spec="get-translation" args=["get-translation",null]
6 verbose parsed url { protocol: null,
6 verbose parsed url   slashes: null,
6 verbose parsed url   auth: null,
6 verbose parsed url   host: null,
6 verbose parsed url   port: null,
6 verbose parsed url   hostname: null,
6 verbose parsed url   hash: null,
6 verbose parsed url   search: null,
6 verbose parsed url   query: null,
6 verbose parsed url   pathname: 'get-translation',
6 verbose parsed url   path: 'get-translation',
6 verbose parsed url   href: 'get-translation' }
7 silly lockFile 41bc45a8-get-translation get-translation
8 verbose lock get-translation /Users/apple/.npm/41bc45a8-get-translation.lock
9 silly lockFile 41bc45a8-get-translation get-translation
10 silly lockFile 41bc45a8-get-translation get-translation
11 verbose addNamed [ 'get-translation', '' ]
12 verbose addNamed [ null, '*' ]
13 silly lockFile 7ce0e3c3-get-translation get-translation@
14 verbose lock get-translation@ /Users/apple/.npm/7ce0e3c3-get-translation.lock
15 silly addNameRange { name: 'get-translation', range: '*', hasData: false }
16 verbose registry.get get-translation not expired, no request
17 silly addNameRange number 2 { name: 'get-translation', range: '*', hasData: true }
18 silly addNameRange versions [ 'get-translation', [ '0.3.29', '0.8.0' ] ]
19 verbose addNamed [ 'get-translation', '0.8.0' ]
20 verbose addNamed [ '0.8.0', '0.8.0' ]
21 silly lockFile 6d14da99-get-translation-0-8-0 get-translation@0.8.0
22 verbose lock get-translation@0.8.0 /Users/apple/.npm/6d14da99-get-translation-0-8-0.lock
23 silly lockFile 6d14da99-get-translation-0-8-0 get-translation@0.8.0
24 silly lockFile 6d14da99-get-translation-0-8-0 get-translation@0.8.0
25 silly lockFile 7ce0e3c3-get-translation get-translation@
26 silly lockFile 7ce0e3c3-get-translation get-translation@
27 silly resolved [ { name: 'get-translation',
27 silly resolved     description: 'Effective translation workflow',
27 silly resolved     version: '0.8.0',
27 silly resolved     homepage: 'https://github.com/tinganho/get-translation',
27 silly resolved     author: { name: 'Tingan Ho', email: 'tingan87@gmail.com' },
27 silly resolved     repository:
27 silly resolved      { type: 'git',
27 silly resolved        url: 'git://github.com/tinganho/grunt-translate.git' },
27 silly resolved     bugs: { url: 'https://github.com/tinganho/grunt-translate/issues' },
27 silly resolved     licenses: [ [Object] ],
27 silly resolved     main: 'Gruntfile.js',
27 silly resolved     bin: { gtt: './binaries/gt' },
27 silly resolved     engines: { node: '*' },
27 silly resolved     scripts: { test: 'binaries/test && grunt mocha:test' },
27 silly resolved     dependencies:
27 silly resolved      { grunt: '~0.4.2',
27 silly resolved        amdefine: '^0.1.0',
27 silly resolved        express: '~3.1.2',
27 silly resolved        'findup-sync': '~0.1.1',
27 silly resolved        open: '0.0.3',
27 silly resolved        'grunt-contrib-connect': '~0.2.0',
27 silly resolved        'connect-modrewrite': '^0.6.0',
27 silly resolved        autoroute: '~0.2.1',
27 silly resolved        lunr: '~0.4.3',
27 silly resolved        requirejs: '~2.1.10',
27 silly resolved        prompt: '~0.2.12',
27 silly resolved        commander: '~2.0.0',
27 silly resolved        underscore: '~1.5.2',
27 silly resolved        glob: '~3.2.8',
27 silly resolved        hashids: '~0.1.4',
27 silly resolved        'terminal-colors': '~0.1.3',
27 silly resolved        'grunt-contrib-requirejs': '~0.4.1',
27 silly resolved        proxyquire: '~0.5.2',
27 silly resolved        'grunt-contrib-jshint': '~0.1.1',
27 silly resolved        'grunt-contrib-compass': '~0.1.3',
27 silly resolved        'grunt-contrib-watch': '~0.1.4',
27 silly resolved        'grunt-webp': 'https://github.com/tinganho/grunt-webp/tarball/master',
27 silly resolved        mocha: '~1.8.2',
27 silly resolved        q: '~1.0.0',
27 silly resolved        sinon: '~1.8.2',
27 silly resolved        helmet: '~0.1.2',
27 silly resolved        backbone: '~1.1.2',
27 silly resolved        superagent: '~0.17.0',
27 silly resolved        'grunt-contrib-clean': '~0.5.0',
27 silly resolved        'backbone-relational': '~0.8.6',
27 silly resolved        mkdirp: '~0.5.0' },
27 silly resolved     devDependencies:
27 silly resolved      { 'grunt-contrib-jshint': '~0.1.0',
27 silly resolved        mocha: '~1.8.1',
27 silly resolved        'grunt-contrib-compass': '~0.1.0',
27 silly resolved        'grunt-contrib-watch': '~0.1.4',
27 silly resolved        'grunt-contrib-requirejs': '~0.4.0',
27 silly resolved        proxyquire: '~0.5.1',
27 silly resolved        'jshint-globals': '~0.1.0',
27 silly resolved        'sinon-chai': '~2.5.0',
27 silly resolved        'chai-as-promised': '~4.1.0',
27 silly resolved        chai: '~1.8.1',
27 silly resolved        'grunt-dot-compiler': '~0.5.12',
27 silly resolved        'grunt-modernizr': '~0.5.1',
27 silly resolved        'grunt-mocha': '~0.4.10',
27 silly resolved        'connect-modrewrite': '~0.7.0' },
27 silly resolved     keywords: [ 'gruntplugin' ],
27 silly resolved     contributors: [ [Object] ],
27 silly resolved     readme: '(WIP) get-translation [![Build Status](https://travis-ci.org/tinganho/get-translation.png)](https://travis-ci.org/tinganho/get-translation)\n==============\nEffective translation workflow. \n\n* Updated translation keys from source.\n* Intuitive web translation interface.\n* Translate every translation problem you can think of.\n* CLI tool for updating and translating.\n* Support for multiple programming languages.\n\n----\n\n## Today\'s translation problems\nThere is a lot of problem involved with translating an application today. Regardless of which languague it is written in. The main problems are maintenance, inefficent workflow and inability to translate complex translations.\n\nExamples:\n\n* A key got deleted from source. You have to yourself delete the key in all your localization files.\n* If a translation key got added to source. You have to youself add the key to all you localization files.\n* Translators often need to contact developers for translation.\n* Trouble to translate gender context. E.g. `You gave him 5 coins`\n* Trouble to translate multiple translation forms. Some languages don\'t just have singular and plural they have more than 2 plural forms.\n* Translators need to learn complex language syntax to solve complex translations. E.g. ICU.\n* Check this slides for more problems: https://docs.google.com/presentation/d/1ZyN8-0VXmod5hbHveq-M1AeQ61Ga3BmVuahZjbmbBxo/pub?start=false&loop=false&delayms=3000#slide=id.g1bc43a82_2_14\n\n## Getting started\n\nInstall get-translation `npm install get-translation -g`\n\nCreate a new project folder `test` and initialize a new translation project. The initialization guide will guide you through creating a project.\n```\n$ mkdir test\n$ cd test\n$ gt init\n```\nNow, create a source file `test.js` with (at least) the following code:\n``` javascript\nvar firstnameLabel = gt(\'FIRSTNAME\')\n  , lastnameLabel = gt(\'LASTNAME\')\n  // Pass in variables\n  , age = 7\n  , yourAgeIsLabel = gt(\'YOUR_AGE_IS\', { age : age });\n  // Pass in multiple variables\n  , cats = 2\n  , dogs = 3\n  , catsAndDogsLabel = gt(\'YOU_HAVE_NUMBER_OF_CATS_AND_DOGS\', { cats : cats, dogs : dogs});\n```\nNow, lets update translation keys from source:\n```\n$ gt update\n```\nLets check which translation keys have been added:\n```\n$ gt log\n%1 FIRSTNAME | NO TRANSLATION\n%2 LASTNAME | NO TRANSLATION\n%3 YOUR_AGE | NO TRANSLATION\n%4 YOU_HAVE_NUMBER_OF_CATS_AND_DOGS | NO TRANSLATION\n```\nEdit the last translation using `log reference`:\n```\n$ gt edit %1 "Firstname" # using default langague\n$ gt edit %1 --locale=zh "名" # using chinese\n```\nTranslation are now saved to a localization file. To compile to your source programming language:\n```\n$ gt compile\n```\nLets set up a web interface for translator to use:\n```\n$ gt interface\n```\n![Imgur](http://i.imgur.com/nsWPunD.jpg)\n\n## License\nCopyright (c) 2014 Tingan Ho\nLicensed under the MIT license.\n',
27 silly resolved     readmeFilename: 'README.md',
27 silly resolved     _id: 'get-translation@0.8.0',
27 silly resolved     _from: 'get-translation@' } ]
28 info install get-translation@0.8.0 into /usr/local/lib
29 info installOne get-translation@0.8.0
30 info /usr/local/lib/node_modules/get-translation unbuild
31 info preuninstall get-translation@0.3.29
32 info uninstall get-translation@0.3.29
33 verbose true,/usr/local/lib/node_modules,/usr/local/lib/node_modules unbuild get-translation@0.3.29
34 verbose /usr/local/bin,[object Object] binRoot
35 info /usr/local/lib/node_modules/get-translation unbuild
36 info preuninstall get-translation@0.3.29
37 info uninstall get-translation@0.3.29
38 verbose true,/usr/local/lib/node_modules,/usr/local/lib/node_modules unbuild get-translation@0.3.29
39 verbose /usr/local/bin,[object Object] binRoot
40 error error rolling back Error: Refusing to delete: /usr/local/bin/gt not in /usr/local/lib/node_modules/get-translation
40 error error rolling back     at clobberFail (/usr/local/lib/node_modules/npm/lib/utils/gently-rm.js:41:12)
40 error error rolling back     at next (/usr/local/lib/node_modules/npm/lib/utils/gently-rm.js:27:14)
40 error error rolling back     at /usr/local/lib/node_modules/npm/lib/utils/gently-rm.js:36:12
40 error error rolling back     at Object.oncomplete (fs.js:107:15)
40 error error rolling back  get-translation@0.8.0 { [Error: Refusing to delete: /usr/local/bin/gt not in /usr/local/lib/node_modules/get-translation] code: 'EEXIST', path: '/usr/local/bin/gt' }
41 error Refusing to delete: /usr/local/bin/gt not in /usr/local/lib/node_modules/get-translation
File exists: /usr/local/bin/gt
Move it away, and try again.
42 error System Darwin 13.1.0
43 error command "node" "/usr/local/bin/npm" "install" "get-translation" "-g"
44 error cwd /Users/apple/Development/email-generator
45 error node -v v0.10.25
46 error npm -v 1.3.24
47 error path /usr/local/bin/gt
48 error code EEXIST
49 verbose exit [ 1, true ]
